# JRE version: OpenJDK Runtime Environment Temurin-17.0.15+6 (17.0.15+6) (build 17.0.15+6)
# Java VM: OpenJDK Client VM Temurin-17.0.15+6 (17.0.15+6, mixed mode, emulated-client, serial gc, windows-x86)
GC Precious Log:
 CPUs: 4 total, 4 available
 Memory: 8065M
 Large Page Support: Disabled
 NUMA Support: Disabled
 Compressed Oops: Disabled
 Heap Min Capacity: 6M
 Heap Initial Capacity: 16M
 Heap Max Capacity: 256M
 Pre-touch: Disabled
Heap:
 def new generation   total 15040K, used 10016K [0x04e00000, 0x05e50000, 0x0a350000)
  eden space 13376K,  74% used [0x04e00000, 0x057b6b10, 0x05b10000)
  from space 1664K,   4% used [0x05b10000, 0x05b21798, 0x05cb0000)
  to   space 1664K,   0% used [0x05cb0000, 0x05cb0000, 0x05e50000)
 tenured generation   total 33400K, used 31559K [0x0a350000, 0x0c3ee000, 0x14e00000)
   the space 33400K,  94% used [0x0a350000, 0x0c221e18, 0x0c222000, 0x0c3ee000)
 Metaspace       used 16158K, committed 16320K, reserved 32768K
GC Heap History (20 events):
Event: 393.996 GC heap before
{Heap before GC invocations=27 (full 1):
 def new generation   total 8000K, used 7625K [0x04e00000, 0x056a0000, 0x0a350000)
  eden space 7168K, 100% used [0x04e00000, 0x05500000, 0x05500000)
  from space 832K,  55% used [0x05500000, 0x05572718, 0x055d0000)
  to   space 832K,   0% used [0x055d0000, 0x055d0000, 0x056a0000)
 tenured generation   total 17624K, used 10573K [0x0a350000, 0x0b486000, 0x14e00000)
   the space 17624K,  59% used [0x0a350000, 0x0ada3698, 0x0ada3800, 0x0b486000)
 Metaspace       used 14716K, committed 14848K, reserved 16384K
}
Event: 394.007 GC heap after
{Heap after GC invocations=28 (full 1):
 def new generation   total 8000K, used 582K [0x04e00000, 0x056a0000, 0x0a350000)
  eden space 7168K,   0% used [0x04e00000, 0x04e00000, 0x05500000)
  from space 832K,  70% used [0x055d0000, 0x05661a38, 0x056a0000)
  to   space 832K,   0% used [0x05500000, 0x05500000, 0x055d0000)
 tenured generation   total 17624K, used 10754K [0x0a350000, 0x0b486000, 0x14e00000)
   the space 17624K,  61% used [0x0a350000, 0x0add0a38, 0x0add0c00, 0x0b486000)
 Metaspace       used 14716K, committed 14848K, reserved 16384K
}
Event: 403.243 GC heap before
{Heap before GC invocations=28 (full 1):
 def new generation   total 8000K, used 7750K [0x04e00000, 0x056a0000, 0x0a350000)
  eden space 7168K, 100% used [0x04e00000, 0x05500000, 0x05500000)
  from space 832K,  70% used [0x055d0000, 0x05661a38, 0x056a0000)
  to   space 832K,   0% used [0x05500000, 0x05500000, 0x055d0000)
 tenured generation   total 17624K, used 10754K [0x0a350000, 0x0b486000, 0x14e00000)
   the space 17624K,  61% used [0x0a350000, 0x0add0a38, 0x0add0c00, 0x0b486000)
 Metaspace       used 14716K, committed 14848K, reserved 16384K
}
Event: 403.256 GC heap after
{Heap after GC invocations=29 (full 1):
 def new generation   total 8000K, used 760K [0x04e00000, 0x056a0000, 0x0a350000)
  eden space 7168K,   0% used [0x04e00000, 0x04e00000, 0x05500000)
  from space 832K,  91% used [0x05500000, 0x055be308, 0x055d0000)
  to   space 832K,   0% used [0x055d0000, 0x055d0000, 0x056a0000)
 tenured generation   total 17624K, used 10976K [0x0a350000, 0x0b486000, 0x14e00000)
   the space 17624K,  62% used [0x0a350000, 0x0ae08388, 0x0ae08400, 0x0b486000)
 Metaspace       used 14716K, committed 14848K, reserved 16384K
}
Event: 408.945 GC heap before
{Heap before GC invocations=29 (full 1):
 def new generation   total 8000K, used 7928K [0x04e00000, 0x056a0000, 0x0a350000)
  eden space 7168K, 100% used [0x04e00000, 0x05500000, 0x05500000)
  from space 832K,  91% used [0x05500000, 0x055be308, 0x055d0000)
  to   space 832K,   0% used [0x055d0000, 0x055d0000, 0x056a0000)
 tenured generation   total 17624K, used 10976K [0x0a350000, 0x0b486000, 0x14e00000)
   the space 17624K,  62% used [0x0a350000, 0x0ae08388, 0x0ae08400, 0x0b486000)
 Metaspace       used 14781K, committed 14912K, reserved 16384K
}
Event: 408.953 GC heap after
{Heap after GC invocations=30 (full 1):
 def new generation   total 8000K, used 393K [0x04e00000, 0x056a0000, 0x0a350000)
  eden space 7168K,   0% used [0x04e00000, 0x04e00000, 0x05500000)
  from space 832K,  47% used [0x055d0000, 0x05632608, 0x056a0000)
  to   space 832K,   0% used [0x05500000, 0x05500000, 0x055d0000)
 tenured generation   total 17624K, used 11686K [0x0a350000, 0x0b486000, 0x14e00000)
   the space 17624K,  66% used [0x0a350000, 0x0aeb9840, 0x0aeb9a00, 0x0b486000)
 Metaspace       used 14781K, committed 14912K, reserved 16384K
}
Event: 410.911 GC heap before
{Heap before GC invocations=30 (full 1):
 def new generation   total 8000K, used 7561K [0x04e00000, 0x056a0000, 0x0a350000)
  eden space 7168K, 100% used [0x04e00000, 0x05500000, 0x05500000)
  from space 832K,  47% used [0x055d0000, 0x05632608, 0x056a0000)
  to   space 832K,   0% used [0x05500000, 0x05500000, 0x055d0000)
 tenured generation   total 17624K, used 11686K [0x0a350000, 0x0b486000, 0x14e00000)
   the space 17624K,  66% used [0x0a350000, 0x0aeb9840, 0x0aeb9a00, 0x0b486000)
 Metaspace       used 14816K, committed 14976K, reserved 16384K
}
Event: 410.919 GC heap after
{Heap after GC invocations=31 (full 1):
 def new generation   total 8000K, used 683K [0x04e00000, 0x056a0000, 0x0a350000)
  eden space 7168K,   0% used [0x04e00000, 0x04e00000, 0x05500000)
  from space 832K,  82% used [0x05500000, 0x055aaf50, 0x055d0000)
  to   space 832K,   0% used [0x055d0000, 0x055d0000, 0x056a0000)
 tenured generation   total 17624K, used 11686K [0x0a350000, 0x0b486000, 0x14e00000)
   the space 17624K,  66% used [0x0a350000, 0x0aeb9840, 0x0aeb9a00, 0x0b486000)
 Metaspace       used 14816K, committed 14976K, reserved 16384K
}
Event: 415.099 GC heap before
{Heap before GC invocations=31 (full 1):
 def new generation   total 8000K, used 6330K [0x04e00000, 0x056a0000, 0x0a350000)
  eden space 7168K,  78% used [0x04e00000, 0x05383ac8, 0x05500000)
  from space 832K,  82% used [0x05500000, 0x055aaf50, 0x055d0000)
  to   space 832K,   0% used [0x055d0000, 0x055d0000, 0x056a0000)
 tenured generation   total 17624K, used 11686K [0x0a350000, 0x0b486000, 0x14e00000)
   the space 17624K,  66% used [0x0a350000, 0x0aeb9840, 0x0aeb9a00, 0x0b486000)
 Metaspace       used 15710K, committed 15872K, reserved 32768K
}
Event: 415.114 GC heap after
{Heap after GC invocations=32 (full 1):
 def new generation   total 8000K, used 832K [0x04e00000, 0x056a0000, 0x0a350000)
  eden space 7168K,   0% used [0x04e00000, 0x04e00000, 0x05500000)
  from space 832K, 100% used [0x055d0000, 0x056a0000, 0x056a0000)
  to   space 832K,   0% used [0x05500000, 0x05500000, 0x055d0000)
 tenured generation   total 17624K, used 12307K [0x0a350000, 0x0b486000, 0x14e00000)
   the space 17624K,  69% used [0x0a350000, 0x0af54e20, 0x0af55000, 0x0b486000)
 Metaspace       used 15710K, committed 15872K, reserved 32768K
}
Event: 415.114 GC heap before
{Heap before GC invocations=32 (full 1):
 def new generation   total 8000K, used 832K [0x04e00000, 0x056a0000, 0x0a350000)
  eden space 7168K,   0% used [0x04e00000, 0x04e00000, 0x05500000)
  from space 832K, 100% used [0x055d0000, 0x056a0000, 0x056a0000)
  to   space 832K,   0% used [0x05500000, 0x05500000, 0x055d0000)
 tenured generation   total 17624K, used 12307K [0x0a350000, 0x0b486000, 0x14e00000)
   the space 17624K,  69% used [0x0a350000, 0x0af54e20, 0x0af55000, 0x0b486000)
 Metaspace       used 15710K, committed 15872K, reserved 32768K
}
Event: 415.181 GC heap after
{Heap after GC invocations=32 (full 2):
 def new generation   total 9280K, used 0K [0x04e00000, 0x05810000, 0x0a350000)
  eden space 8256K,   0% used [0x04e00000, 0x04e00000, 0x05610000)
  from space 1024K,   0% used [0x05610000, 0x05610000, 0x05710000)
  to   space 1024K,   0% used [0x05710000, 0x05710000, 0x05810000)
 tenured generation   total 20600K, used 12359K [0x0a350000, 0x0b76e000, 0x14e00000)
   the space 20600K,  59% used [0x0a350000, 0x0af61dc8, 0x0af61e00, 0x0b76e000)
 Metaspace       used 15702K, committed 15872K, reserved 32768K
}
Event: 415.182 GC heap before
{Heap before GC invocations=32 (full 2):
 def new generation   total 9280K, used 7843K [0x04e00000, 0x05810000, 0x0a350000)
  eden space 8256K,  95% used [0x04e00000, 0x055a8dd0, 0x05610000)
  from space 1024K,   0% used [0x05610000, 0x05610000, 0x05710000)
  to   space 1024K,   0% used [0x05710000, 0x05710000, 0x05810000)
 tenured generation   total 20600K, used 12359K [0x0a350000, 0x0b76e000, 0x14e00000)
   the space 20600K,  59% used [0x0a350000, 0x0af61dc8, 0x0af61e00, 0x0b76e000)
 Metaspace       used 15702K, committed 15872K, reserved 32768K
}
Event: 415.189 GC heap after
{Heap after GC invocations=33 (full 2):
 def new generation   total 9280K, used 0K [0x04e00000, 0x05810000, 0x0a350000)
  eden space 8256K,   0% used [0x04e00000, 0x04e00000, 0x05610000)
  from space 1024K,   0% used [0x05710000, 0x05710030, 0x05810000)
  to   space 1024K,   0% used [0x05610000, 0x05610000, 0x05710000)
 tenured generation   total 20600K, used 20039K [0x0a350000, 0x0b76e000, 0x14e00000)
   the space 20600K,  97% used [0x0a350000, 0x0b6e1dd8, 0x0b6e1e00, 0x0b76e000)
 Metaspace       used 15702K, committed 15872K, reserved 32768K
}
Event: 415.189 GC heap before
{Heap before GC invocations=33 (full 2):
 def new generation   total 9280K, used 0K [0x04e00000, 0x05810000, 0x0a350000)
  eden space 8256K,   0% used [0x04e00000, 0x04e00000, 0x05610000)
  from space 1024K,   0% used [0x05710000, 0x05710030, 0x05810000)
  to   space 1024K,   0% used [0x05610000, 0x05610000, 0x05710000)
 tenured generation   total 20600K, used 20039K [0x0a350000, 0x0b76e000, 0x14e00000)
   the space 20600K,  97% used [0x0a350000, 0x0b6e1dd8, 0x0b6e1e00, 0x0b76e000)
 Metaspace       used 15702K, committed 15872K, reserved 32768K
}
Event: 415.219 GC heap after
{Heap after GC invocations=33 (full 3):
 def new generation   total 15040K, used 0K [0x04e00000, 0x05e50000, 0x0a350000)
  eden space 13376K,   0% used [0x04e00000, 0x04e00000, 0x05b10000)
  from space 1664K,   0% used [0x05b10000, 0x05b10000, 0x05cb0000)
  to   space 1664K,   0% used [0x05cb0000, 0x05cb0000, 0x05e50000)
 tenured generation   total 33400K, used 20039K [0x0a350000, 0x0c3ee000, 0x14e00000)
   the space 33400K,  59% used [0x0a350000, 0x0b6e1e08, 0x0b6e2000, 0x0c3ee000)
 Metaspace       used 15702K, committed 15872K, reserved 32768K
}
Event: 415.222 GC heap before
{Heap before GC invocations=33 (full 3):
 def new generation   total 15040K, used 11784K [0x04e00000, 0x05e50000, 0x0a350000)
  eden space 13376K,  88% used [0x04e00000, 0x059821e8, 0x05b10000)
  from space 1664K,   0% used [0x05b10000, 0x05b10000, 0x05cb0000)
  to   space 1664K,   0% used [0x05cb0000, 0x05cb0000, 0x05e50000)
 tenured generation   total 33400K, used 20039K [0x0a350000, 0x0c3ee000, 0x14e00000)
   the space 33400K,  59% used [0x0a350000, 0x0b6e1e08, 0x0b6e2000, 0x0c3ee000)
 Metaspace       used 15702K, committed 15872K, reserved 32768K
}
Event: 415.232 GC heap after
{Heap after GC invocations=34 (full 3):
 def new generation   total 15040K, used 0K [0x04e00000, 0x05e50000, 0x0a350000)
  eden space 13376K,   0% used [0x04e00000, 0x04e00000, 0x05b10000)
  from space 1664K,   0% used [0x05cb0000, 0x05cb0030, 0x05e50000)
  to   space 1664K,   0% used [0x05b10000, 0x05b10000, 0x05cb0000)
 tenured generation   total 33400K, used 31559K [0x0a350000, 0x0c3ee000, 0x14e00000)
   the space 33400K,  94% used [0x0a350000, 0x0c221e18, 0x0c222000, 0x0c3ee000)
 Metaspace       used 15702K, committed 15872K, reserved 32768K
}
Event: 417.638 GC heap before
{Heap before GC invocations=34 (full 3):
 def new generation   total 15040K, used 13376K [0x04e00000, 0x05e50000, 0x0a350000)
  eden space 13376K, 100% used [0x04e00000, 0x05b10000, 0x05b10000)
  from space 1664K,   0% used [0x05cb0000, 0x05cb0030, 0x05e50000)
  to   space 1664K,   0% used [0x05b10000, 0x05b10000, 0x05cb0000)
 tenured generation   total 33400K, used 31559K [0x0a350000, 0x0c3ee000, 0x14e00000)
   the space 33400K,  94% used [0x0a350000, 0x0c221e18, 0x0c222000, 0x0c3ee000)
 Metaspace       used 15715K, committed 15872K, reserved 32768K
}
Event: 417.642 GC heap after
{Heap after GC invocations=35 (full 3):
 def new generation   total 15040K, used 69K [0x04e00000, 0x05e50000, 0x0a350000)
  eden space 13376K,   0% used [0x04e00000, 0x04e00000, 0x05b10000)
  from space 1664K,   4% used [0x05b10000, 0x05b21798, 0x05cb0000)
  to   space 1664K,   0% used [0x05cb0000, 0x05cb0000, 0x05e50000)
 tenured generation   total 33400K, used 31559K [0x0a350000, 0x0c3ee000, 0x14e00000)
   the space 33400K,  94% used [0x0a350000, 0x0c221e18, 0x0c222000, 0x0c3ee000)
 Metaspace       used 15715K, committed 15872K, reserved 32768K
}

